<?xml version="1.0" encoding="UTF-8"?>
<testExecutions version="1">
    <file path="/home/user1/Documents/NodeSonarExample/src/test/index.test.js">
        <testCase name="Get Endpoints Get" duration="43"/>
    </file>
</testExecutions>